<?xml version="1.0" encoding="UTF-8"?>
<!-- Generated by org.testng.reporters.JUnitReportReporter -->
<testsuite skipped="0" hostname="WINCTRL-A0020S2" name="uitest.Test1" tests="1" failures="0" timestamp="11 Jun 2018 07:36:56 GMT" time="8.222" errors="0">
  <testcase name="test" time="8.222" classname="uitest.Test1"/>
</testsuite> <!-- uitest.Test1 -->
